2015/09/10 16:56:58 [error] [system.db.CDbCommand] CDbCommand::() failed: SQLSTATE[HY093]: Invalid parameter number: no parameters were bound. The SQL statement executed was: Select *,  count(*) as subsector_total from `sector_catalog`,type_sector_catalog, general_data
							where idsector_catalog = ?
							and general_data.type_sector_catalog_sector_catalog_idsector_catalog = idsector_catalog
							AND idsector_catalog = type_sector_catalog_sector_catalog_idsector_catalog		
							AND type_sector_catalog.idtype_sector_catalog = type_sector_catalog_idtype_sector_catalog
							group by type_sector_catalog.name	 order by sector_catalog.name.
in /Applications/XAMPP/xamppfiles/htdocs/kit/protected/dao/ReportsDao.php (48)
in /Applications/XAMPP/xamppfiles/htdocs/kit/protected/controllers/ReportsController.php (44)
in /Applications/XAMPP/xamppfiles/htdocs/kit/protected/controllers/ReportsController.php (16)
2015/09/10 16:56:58 [error] [exception.CDbException] exception 'CDbException' with message 'CDbCommand failed to execute the SQL statement: SQLSTATE[HY093]: Invalid parameter number: no parameters were bound. The SQL statement executed was: Select *,  count(*) as subsector_total from `sector_catalog`,type_sector_catalog, general_data
							where idsector_catalog = ?
							and general_data.type_sector_catalog_sector_catalog_idsector_catalog = idsector_catalog
							AND idsector_catalog = type_sector_catalog_sector_catalog_idsector_catalog		
							AND type_sector_catalog.idtype_sector_catalog = type_sector_catalog_idtype_sector_catalog
							group by type_sector_catalog.name	 order by sector_catalog.name' in /Applications/XAMPP/xamppfiles/htdocs/yii/framework/db/CDbCommand.php:541
Stack trace:
#0 /Applications/XAMPP/xamppfiles/htdocs/yii/framework/db/CDbCommand.php(376): CDbCommand->queryInternal('', 0, Array)
#1 /Applications/XAMPP/xamppfiles/htdocs/kit/protected/dao/ReportsDao.php(48): CDbCommand->query()
#2 /Applications/XAMPP/xamppfiles/htdocs/kit/protected/controllers/ReportsController.php(44): ReportsDao->getSectorPie(1)
#3 /Applications/XAMPP/xamppfiles/htdocs/kit/protected/controllers/ReportsController.php(16): ReportsController->getDataSourceSectorPie(1)
#4 /Applications/XAMPP/xamppfiles/htdocs/yii/framework/web/actions/CInlineAction.php(49): ReportsController->actionIndex()
#5 /Applications/XAMPP/xamppfiles/htdocs/yii/framework/web/CController.php(308): CInlineAction->runWithParams(Array)
#6 /Applications/XAMPP/xamppfiles/htdocs/yii/framework/web/CController.php(286): CController->runAction(Object(CInlineAction))
#7 /Applications/XAMPP/xamppfiles/htdocs/yii/framework/web/CController.php(265): CController->runActionWithFilters(Object(CInlineAction), Array)
#8 /Applications/XAMPP/xamppfiles/htdocs/yii/framework/web/CWebApplication.php(282): CController->run('')
#9 /Applications/XAMPP/xamppfiles/htdocs/yii/framework/web/CWebApplication.php(141): CWebApplication->runController('Reports')
#10 /Applications/XAMPP/xamppfiles/htdocs/yii/framework/base/CApplication.php(169): CWebApplication->processRequest()
#11 /Applications/XAMPP/xamppfiles/htdocs/kit/index.php(13): CApplication->run()
#12 {main}
REQUEST_URI=/kit/index.php?r=Reports
HTTP_REFERER=http://localhost/kit/index.php?r=Administrator
---
2015/09/10 16:57:40 [error] [php] Undefined index: subsector (/Applications/XAMPP/xamppfiles/htdocs/kit/protected/controllers/ReportsController.php:47)
Stack trace:
#0 /Applications/XAMPP/xamppfiles/htdocs/yii/framework/web/CController.php(308): CInlineAction->runWithParams()
#1 /Applications/XAMPP/xamppfiles/htdocs/yii/framework/web/CController.php(286): ReportsController->runAction()
#2 /Applications/XAMPP/xamppfiles/htdocs/yii/framework/web/CController.php(265): ReportsController->runActionWithFilters()
#3 /Applications/XAMPP/xamppfiles/htdocs/yii/framework/web/CWebApplication.php(282): ReportsController->run()
#4 /Applications/XAMPP/xamppfiles/htdocs/yii/framework/web/CWebApplication.php(141): CWebApplication->runController()
#5 /Applications/XAMPP/xamppfiles/htdocs/yii/framework/base/CApplication.php(169): CWebApplication->processRequest()
#6 /Applications/XAMPP/xamppfiles/htdocs/kit/index.php(13): CWebApplication->run()
REQUEST_URI=/kit/index.php?r=Reports
in /Applications/XAMPP/xamppfiles/htdocs/kit/protected/controllers/ReportsController.php (47)
in /Applications/XAMPP/xamppfiles/htdocs/kit/protected/controllers/ReportsController.php (16)
in /Applications/XAMPP/xamppfiles/htdocs/kit/index.php (13)
2015/09/10 17:03:21 [error] [php] Undefined variable: dataSourcePieSector (/Applications/XAMPP/xamppfiles/htdocs/kit/protected/views/reports/index.php:299)
Stack trace:
#0 /Applications/XAMPP/xamppfiles/htdocs/yii/framework/web/CController.php(869): ReportsController->renderFile()
#1 /Applications/XAMPP/xamppfiles/htdocs/yii/framework/web/CController.php(782): ReportsController->renderPartial()
#2 /Applications/XAMPP/xamppfiles/htdocs/kit/protected/controllers/ReportsController.php(25): ReportsController->render()
#3 /Applications/XAMPP/xamppfiles/htdocs/yii/framework/web/actions/CInlineAction.php(49): ReportsController->actionIndex()
#4 /Applications/XAMPP/xamppfiles/htdocs/yii/framework/web/CController.php(308): CInlineAction->runWithParams()
#5 /Applications/XAMPP/xamppfiles/htdocs/yii/framework/web/CController.php(286): ReportsController->runAction()
#6 /Applications/XAMPP/xamppfiles/htdocs/yii/framework/web/CController.php(265): ReportsController->runActionWithFilters()
#7 /Applications/XAMPP/xamppfiles/htdocs/yii/framework/web/CWebApplication.php(282): ReportsController->run()
#8 /Applications/XAMPP/xamppfiles/htdocs/yii/framework/web/CWebApplication.php(141): CWebApplication->runController()
#9 /Applications/XAMPP/xamppfiles/htdocs/yii/framework/base/CApplication.php(169): CWebApplication->processRequest()
#10 /Applications/XAMPP/xamppfiles/htdocs/kit/index.php(13): CWebApplication->run()
REQUEST_URI=/kit/index.php?r=Reports
in /Applications/XAMPP/xamppfiles/htdocs/kit/protected/views/reports/index.php (299)
in /Applications/XAMPP/xamppfiles/htdocs/kit/protected/controllers/ReportsController.php (25)
in /Applications/XAMPP/xamppfiles/htdocs/kit/index.php (13)
2015/09/10 17:45:04 [error] [php] Undefined variable: sector (/Applications/XAMPP/xamppfiles/htdocs/kit/protected/views/reports/index.php:156)
Stack trace:
#0 /Applications/XAMPP/xamppfiles/htdocs/yii/framework/web/CController.php(869): ReportsController->renderFile()
#1 /Applications/XAMPP/xamppfiles/htdocs/yii/framework/web/CController.php(782): ReportsController->renderPartial()
#2 /Applications/XAMPP/xamppfiles/htdocs/kit/protected/controllers/ReportsController.php(25): ReportsController->render()
#3 /Applications/XAMPP/xamppfiles/htdocs/yii/framework/web/actions/CInlineAction.php(49): ReportsController->actionIndex()
#4 /Applications/XAMPP/xamppfiles/htdocs/yii/framework/web/CController.php(308): CInlineAction->runWithParams()
#5 /Applications/XAMPP/xamppfiles/htdocs/yii/framework/web/CController.php(286): ReportsController->runAction()
#6 /Applications/XAMPP/xamppfiles/htdocs/yii/framework/web/CController.php(265): ReportsController->runActionWithFilters()
#7 /Applications/XAMPP/xamppfiles/htdocs/yii/framework/web/CWebApplication.php(282): ReportsController->run()
#8 /Applications/XAMPP/xamppfiles/htdocs/yii/framework/web/CWebApplication.php(141): CWebApplication->runController()
#9 /Applications/XAMPP/xamppfiles/htdocs/yii/framework/base/CApplication.php(169): CWebApplication->processRequest()
#10 /Applications/XAMPP/xamppfiles/htdocs/kit/index.php(13): CWebApplication->run()
REQUEST_URI=/kit/index.php?r=Reports
in /Applications/XAMPP/xamppfiles/htdocs/kit/protected/views/reports/index.php (156)
in /Applications/XAMPP/xamppfiles/htdocs/kit/protected/controllers/ReportsController.php (25)
in /Applications/XAMPP/xamppfiles/htdocs/kit/index.php (13)
2015/09/10 17:47:13 [error] [php] Undefined variable: sector (/Applications/XAMPP/xamppfiles/htdocs/kit/protected/views/reports/index.php:156)
Stack trace:
#0 /Applications/XAMPP/xamppfiles/htdocs/yii/framework/web/CController.php(869): ReportsController->renderFile()
#1 /Applications/XAMPP/xamppfiles/htdocs/yii/framework/web/CController.php(782): ReportsController->renderPartial()
#2 /Applications/XAMPP/xamppfiles/htdocs/kit/protected/controllers/ReportsController.php(25): ReportsController->render()
#3 /Applications/XAMPP/xamppfiles/htdocs/yii/framework/web/actions/CInlineAction.php(49): ReportsController->actionIndex()
#4 /Applications/XAMPP/xamppfiles/htdocs/yii/framework/web/CController.php(308): CInlineAction->runWithParams()
#5 /Applications/XAMPP/xamppfiles/htdocs/yii/framework/web/CController.php(286): ReportsController->runAction()
#6 /Applications/XAMPP/xamppfiles/htdocs/yii/framework/web/CController.php(265): ReportsController->runActionWithFilters()
#7 /Applications/XAMPP/xamppfiles/htdocs/yii/framework/web/CWebApplication.php(282): ReportsController->run()
#8 /Applications/XAMPP/xamppfiles/htdocs/yii/framework/web/CWebApplication.php(141): CWebApplication->runController()
#9 /Applications/XAMPP/xamppfiles/htdocs/yii/framework/base/CApplication.php(169): CWebApplication->processRequest()
#10 /Applications/XAMPP/xamppfiles/htdocs/kit/index.php(13): CWebApplication->run()
REQUEST_URI=/kit/index.php?r=Reports
in /Applications/XAMPP/xamppfiles/htdocs/kit/protected/views/reports/index.php (156)
in /Applications/XAMPP/xamppfiles/htdocs/kit/protected/controllers/ReportsController.php (25)
in /Applications/XAMPP/xamppfiles/htdocs/kit/index.php (13)
2015/09/10 17:47:14 [error] [php] Undefined variable: sector (/Applications/XAMPP/xamppfiles/htdocs/kit/protected/views/reports/index.php:156)
Stack trace:
#0 /Applications/XAMPP/xamppfiles/htdocs/yii/framework/web/CController.php(869): ReportsController->renderFile()
#1 /Applications/XAMPP/xamppfiles/htdocs/yii/framework/web/CController.php(782): ReportsController->renderPartial()
#2 /Applications/XAMPP/xamppfiles/htdocs/kit/protected/controllers/ReportsController.php(25): ReportsController->render()
#3 /Applications/XAMPP/xamppfiles/htdocs/yii/framework/web/actions/CInlineAction.php(49): ReportsController->actionIndex()
#4 /Applications/XAMPP/xamppfiles/htdocs/yii/framework/web/CController.php(308): CInlineAction->runWithParams()
#5 /Applications/XAMPP/xamppfiles/htdocs/yii/framework/web/CController.php(286): ReportsController->runAction()
#6 /Applications/XAMPP/xamppfiles/htdocs/yii/framework/web/CController.php(265): ReportsController->runActionWithFilters()
#7 /Applications/XAMPP/xamppfiles/htdocs/yii/framework/web/CWebApplication.php(282): ReportsController->run()
#8 /Applications/XAMPP/xamppfiles/htdocs/yii/framework/web/CWebApplication.php(141): CWebApplication->runController()
#9 /Applications/XAMPP/xamppfiles/htdocs/yii/framework/base/CApplication.php(169): CWebApplication->processRequest()
#10 /Applications/XAMPP/xamppfiles/htdocs/kit/index.php(13): CWebApplication->run()
REQUEST_URI=/kit/index.php?r=Reports
in /Applications/XAMPP/xamppfiles/htdocs/kit/protected/views/reports/index.php (156)
in /Applications/XAMPP/xamppfiles/htdocs/kit/protected/controllers/ReportsController.php (25)
in /Applications/XAMPP/xamppfiles/htdocs/kit/index.php (13)
2015/09/10 17:55:13 [error] [php] Undefined variable: sector (/Applications/XAMPP/xamppfiles/htdocs/kit/protected/views/reports/index.php:156)
Stack trace:
#0 /Applications/XAMPP/xamppfiles/htdocs/yii/framework/web/CController.php(869): ReportsController->renderFile()
#1 /Applications/XAMPP/xamppfiles/htdocs/yii/framework/web/CController.php(782): ReportsController->renderPartial()
#2 /Applications/XAMPP/xamppfiles/htdocs/kit/protected/controllers/ReportsController.php(26): ReportsController->render()
#3 /Applications/XAMPP/xamppfiles/htdocs/yii/framework/web/actions/CInlineAction.php(49): ReportsController->actionIndex()
#4 /Applications/XAMPP/xamppfiles/htdocs/yii/framework/web/CController.php(308): CInlineAction->runWithParams()
#5 /Applications/XAMPP/xamppfiles/htdocs/yii/framework/web/CController.php(286): ReportsController->runAction()
#6 /Applications/XAMPP/xamppfiles/htdocs/yii/framework/web/CController.php(265): ReportsController->runActionWithFilters()
#7 /Applications/XAMPP/xamppfiles/htdocs/yii/framework/web/CWebApplication.php(282): ReportsController->run()
#8 /Applications/XAMPP/xamppfiles/htdocs/yii/framework/web/CWebApplication.php(141): CWebApplication->runController()
#9 /Applications/XAMPP/xamppfiles/htdocs/yii/framework/base/CApplication.php(169): CWebApplication->processRequest()
#10 /Applications/XAMPP/xamppfiles/htdocs/kit/index.php(13): CWebApplication->run()
REQUEST_URI=/kit/index.php?r=Reports
in /Applications/XAMPP/xamppfiles/htdocs/kit/protected/views/reports/index.php (156)
in /Applications/XAMPP/xamppfiles/htdocs/kit/protected/controllers/ReportsController.php (26)
in /Applications/XAMPP/xamppfiles/htdocs/kit/index.php (13)
2015/09/10 17:57:53 [error] [php] Undefined variable: radioResponses (/Applications/XAMPP/xamppfiles/htdocs/kit/protected/views/reports/index.php:169)
Stack trace:
#0 /Applications/XAMPP/xamppfiles/htdocs/yii/framework/web/CController.php(869): ReportsController->renderFile()
#1 /Applications/XAMPP/xamppfiles/htdocs/yii/framework/web/CController.php(782): ReportsController->renderPartial()
#2 /Applications/XAMPP/xamppfiles/htdocs/kit/protected/controllers/ReportsController.php(26): ReportsController->render()
#3 /Applications/XAMPP/xamppfiles/htdocs/yii/framework/web/actions/CInlineAction.php(49): ReportsController->actionIndex()
#4 /Applications/XAMPP/xamppfiles/htdocs/yii/framework/web/CController.php(308): CInlineAction->runWithParams()
#5 /Applications/XAMPP/xamppfiles/htdocs/yii/framework/web/CController.php(286): ReportsController->runAction()
#6 /Applications/XAMPP/xamppfiles/htdocs/yii/framework/web/CController.php(265): ReportsController->runActionWithFilters()
#7 /Applications/XAMPP/xamppfiles/htdocs/yii/framework/web/CWebApplication.php(282): ReportsController->run()
#8 /Applications/XAMPP/xamppfiles/htdocs/yii/framework/web/CWebApplication.php(141): CWebApplication->runController()
#9 /Applications/XAMPP/xamppfiles/htdocs/yii/framework/base/CApplication.php(169): CWebApplication->processRequest()
#10 /Applications/XAMPP/xamppfiles/htdocs/kit/index.php(13): CWebApplication->run()
REQUEST_URI=/kit/index.php?r=Reports
in /Applications/XAMPP/xamppfiles/htdocs/kit/protected/views/reports/index.php (169)
in /Applications/XAMPP/xamppfiles/htdocs/kit/protected/controllers/ReportsController.php (26)
in /Applications/XAMPP/xamppfiles/htdocs/kit/index.php (13)
2015/09/10 17:59:33 [error] [php] Undefined variable: row (/Applications/XAMPP/xamppfiles/htdocs/kit/protected/views/reports/index.php:171)
Stack trace:
#0 /Applications/XAMPP/xamppfiles/htdocs/yii/framework/web/CController.php(869): ReportsController->renderFile()
#1 /Applications/XAMPP/xamppfiles/htdocs/yii/framework/web/CController.php(782): ReportsController->renderPartial()
#2 /Applications/XAMPP/xamppfiles/htdocs/kit/protected/controllers/ReportsController.php(26): ReportsController->render()
#3 /Applications/XAMPP/xamppfiles/htdocs/yii/framework/web/actions/CInlineAction.php(49): ReportsController->actionIndex()
#4 /Applications/XAMPP/xamppfiles/htdocs/yii/framework/web/CController.php(308): CInlineAction->runWithParams()
#5 /Applications/XAMPP/xamppfiles/htdocs/yii/framework/web/CController.php(286): ReportsController->runAction()
#6 /Applications/XAMPP/xamppfiles/htdocs/yii/framework/web/CController.php(265): ReportsController->runActionWithFilters()
#7 /Applications/XAMPP/xamppfiles/htdocs/yii/framework/web/CWebApplication.php(282): ReportsController->run()
#8 /Applications/XAMPP/xamppfiles/htdocs/yii/framework/web/CWebApplication.php(141): CWebApplication->runController()
#9 /Applications/XAMPP/xamppfiles/htdocs/yii/framework/base/CApplication.php(169): CWebApplication->processRequest()
#10 /Applications/XAMPP/xamppfiles/htdocs/kit/index.php(13): CWebApplication->run()
REQUEST_URI=/kit/index.php?r=Reports
in /Applications/XAMPP/xamppfiles/htdocs/kit/protected/views/reports/index.php (171)
in /Applications/XAMPP/xamppfiles/htdocs/kit/protected/controllers/ReportsController.php (26)
in /Applications/XAMPP/xamppfiles/htdocs/kit/index.php (13)
2015/09/10 17:59:44 [error] [php] Undefined index: number (/Applications/XAMPP/xamppfiles/htdocs/kit/protected/views/reports/index.php:171)
Stack trace:
#0 /Applications/XAMPP/xamppfiles/htdocs/yii/framework/web/CController.php(869): ReportsController->renderFile()
#1 /Applications/XAMPP/xamppfiles/htdocs/yii/framework/web/CController.php(782): ReportsController->renderPartial()
#2 /Applications/XAMPP/xamppfiles/htdocs/kit/protected/controllers/ReportsController.php(26): ReportsController->render()
#3 /Applications/XAMPP/xamppfiles/htdocs/yii/framework/web/actions/CInlineAction.php(49): ReportsController->actionIndex()
#4 /Applications/XAMPP/xamppfiles/htdocs/yii/framework/web/CController.php(308): CInlineAction->runWithParams()
#5 /Applications/XAMPP/xamppfiles/htdocs/yii/framework/web/CController.php(286): ReportsController->runAction()
#6 /Applications/XAMPP/xamppfiles/htdocs/yii/framework/web/CController.php(265): ReportsController->runActionWithFilters()
#7 /Applications/XAMPP/xamppfiles/htdocs/yii/framework/web/CWebApplication.php(282): ReportsController->run()
#8 /Applications/XAMPP/xamppfiles/htdocs/yii/framework/web/CWebApplication.php(141): CWebApplication->runController()
#9 /Applications/XAMPP/xamppfiles/htdocs/yii/framework/base/CApplication.php(169): CWebApplication->processRequest()
#10 /Applications/XAMPP/xamppfiles/htdocs/kit/index.php(13): CWebApplication->run()
REQUEST_URI=/kit/index.php?r=Reports
in /Applications/XAMPP/xamppfiles/htdocs/kit/protected/views/reports/index.php (171)
in /Applications/XAMPP/xamppfiles/htdocs/kit/protected/controllers/ReportsController.php (26)
in /Applications/XAMPP/xamppfiles/htdocs/kit/index.php (13)
